<?xml version="1.0" encoding="UTF-8"?>
<!-- Generated by org.testng.reporters.JUnitXMLReporter -->
<testsuite hostname="DESKTOP-TFKS6P7" ignored="16" name="Test" tests="8" failures="0" timestamp="2020-06-22T06:48:27 BST" time="43.993" errors="0">
  <testcase name="test_login" time="6.313" classname="com.mercury.testcases.TC1"/>
  <testcase name="test_flight" time="1.077" classname="com.mercury.testcases.TC2"/>
  <testcase name="test_continueandreserveflights" time="5.244" classname="com.mercury.testcases.TC3"/>
  <testcase name="test_passengers" time="1.425" classname="com.mercury.testcases.TC4"/>
  <testcase name="test_creditcard" time="2.449" classname="com.mercury.testcases.TC5"/>
  <testcase name="test_billingaddress" time="1.572" classname="com.mercury.testcases.TC6"/>
  <testcase name="test_deliveryaddress" time="4.25" classname="com.mercury.testcases.TC7"/>
  <testcase name="test_purchaseandvalidate" time="5.149" classname="com.mercury.testcases.TC8"/>
  <testcase name="@AfterTest closeBrowser" time="0.0" classname="com.mercury.basedriver.Basedriver">
    <ignored/>
  </testcase> <!-- @AfterTest closeBrowser -->
  <testcase name="@AfterTest closeBrowser" time="0.0" classname="com.mercury.basedriver.Basedriver">
    <ignored/>
  </testcase> <!-- @AfterTest closeBrowser -->
  <testcase name="@AfterTest closeBrowser" time="0.0" classname="com.mercury.basedriver.Basedriver">
    <ignored/>
  </testcase> <!-- @AfterTest closeBrowser -->
  <testcase name="@AfterTest closeBrowser" time="0.0" classname="com.mercury.basedriver.Basedriver">
    <ignored/>
  </testcase> <!-- @AfterTest closeBrowser -->
  <testcase name="@AfterTest closeBrowser" time="0.0" classname="com.mercury.basedriver.Basedriver">
    <ignored/>
  </testcase> <!-- @AfterTest closeBrowser -->
  <testcase name="@AfterTest closeBrowser" time="0.0" classname="com.mercury.basedriver.Basedriver">
    <ignored/>
  </testcase> <!-- @AfterTest closeBrowser -->
  <testcase name="@AfterTest closeBrowser" time="0.0" classname="com.mercury.basedriver.Basedriver">
    <ignored/>
  </testcase> <!-- @AfterTest closeBrowser -->
  <testcase name="@AfterTest closeBrowser" time="0.0" classname="com.mercury.basedriver.Basedriver">
    <ignored/>
  </testcase> <!-- @AfterTest closeBrowser -->
  <testcase name="@BeforeTest basedriver" time="0.0" classname="com.mercury.basedriver.Basedriver">
    <ignored/>
  </testcase> <!-- @BeforeTest basedriver -->
  <testcase name="@BeforeTest basedriver" time="0.0" classname="com.mercury.basedriver.Basedriver">
    <ignored/>
  </testcase> <!-- @BeforeTest basedriver -->
  <testcase name="@BeforeTest basedriver" time="0.0" classname="com.mercury.basedriver.Basedriver">
    <ignored/>
  </testcase> <!-- @BeforeTest basedriver -->
  <testcase name="@BeforeTest basedriver" time="0.0" classname="com.mercury.basedriver.Basedriver">
    <ignored/>
  </testcase> <!-- @BeforeTest basedriver -->
  <testcase name="@BeforeTest basedriver" time="0.0" classname="com.mercury.basedriver.Basedriver">
    <ignored/>
  </testcase> <!-- @BeforeTest basedriver -->
  <testcase name="@BeforeTest basedriver" time="0.0" classname="com.mercury.basedriver.Basedriver">
    <ignored/>
  </testcase> <!-- @BeforeTest basedriver -->
  <testcase name="@BeforeTest basedriver" time="0.0" classname="com.mercury.basedriver.Basedriver">
    <ignored/>
  </testcase> <!-- @BeforeTest basedriver -->
  <testcase name="@BeforeTest basedriver" time="0.0" classname="com.mercury.basedriver.Basedriver">
    <ignored/>
  </testcase> <!-- @BeforeTest basedriver -->
</testsuite> <!-- Test -->
